- Read length: 51
- Number of tiles: 10
- Total number of reads: 250000
- Number associated with the first tile: 1101
- Min Quality: 27
- Number of ACGT in the first tile: 
  A = 309066, C = 325516, G = 333813, T = 306296 , N = 309

- Number of ACGT with low Quality in the first tile:
  A = 13087, C = 11935, G = 13100, T = 11967, N = 309

- Number of nucleotides of quality (row) in position (col) in the first tile
   Position: 1 2 3 4 5 6 7 8 9 10 11 12 13 14 15 16 17 18 19 20 21 22 23 24 25 26 27 28 29 30 31 32 33 34 35 36 37 38 39 40 41 42 43 44 45 46 47 48 49 50 51 
  Q = # : 415 133 134 137 138 142 150 151 159 163 164 166 166 169 175 179 180 184 188 191 196 202 205 210 219 228 239 245 263 268 279 286 296 309 317 324 332 343 360 379 400 432 451 479 509 549 604 680 804 1014 1472 
  Q = / : 866 849 855 793 802 643 617 630 516 547 624 556 540 1357 556 545 610 539 596 544 678 549 556 568 528 604 613 627 1736 668 634 582 579 573 609 593 643 581 560 557 1001 632 574 515 936 498 473 425 416 246 0 
  Q = 7 : 0 0 0 0 0 1 3 4 3 8 9 11 11 22 29 33 25 31 38 35 36 38 38 54 38 47 42 43 64 64 74 57 46 45 39 38 53 39 36 47 52 57 56 53 39 47 40 35 42 24 35 
  Q = < : 1072 1403 1151 969 954 1177 821 702 620 615 721 626 603 937 936 711 601 685 700 653 728 675 649 608 643 662 669 695 1089 1160 774 746 693 709 683 696 698 668 637 678 843 795 696 720 828 785 630 539 577 488 607 
  Q = B : 22647 22615 22860 23101 23106 2111 1636 1366 1276 1213 1280 1226 1200 1418 1269 1277 1240 1132 1134 1171 1186 1122 1121 1132 1124 1113 1173 1185 1621 1302 1273 1212 1236 1201 1150 1168 1121 1130 1191 1164 1316 1280 1204 1239 1447 1274 1216 1243 1194 1240 1389 
  Q = F : 0 0 0 0 0 20926 21773 22147 22426 22454 22202 22415 22480 21097 22035 22255 22344 22429 22344 22406 22176 22414 22431 22428 22448 22346 22264 22205 20227 21538 21966 22117 22150 22163 22202 22181 22153 22239 22216 22175 21388 21804 22019 21994 21241 21847 22037 22078 21967 21988 21497 

- Number of reads with M low quality nucleotides: 
  M lowQ =  0,  Nreads = 168341 
  M lowQ =  1,  Nreads = 23284 
  M lowQ =  2,  Nreads = 11738 
  M lowQ =  3,  Nreads = 7816 
  M lowQ =  4,  Nreads = 6110 
  M lowQ =  5,  Nreads = 4811 
  M lowQ =  6,  Nreads = 3845 
  M lowQ =  7,  Nreads = 3286 
  M lowQ =  8,  Nreads = 2751 
  M lowQ =  9,  Nreads = 2407 
  M lowQ = 10,  Nreads = 2034 
  M lowQ = 11,  Nreads = 1694 
  M lowQ = 12,  Nreads = 1484 
  M lowQ = 13,  Nreads = 1325 
  M lowQ = 14,  Nreads = 1022 
  M lowQ = 15,  Nreads = 963 
  M lowQ = 16,  Nreads = 799 
  M lowQ = 17,  Nreads = 707 
  M lowQ = 18,  Nreads = 621 
  M lowQ = 19,  Nreads = 453 
  M lowQ = 20,  Nreads = 403 
  M lowQ = 21,  Nreads = 326 
  M lowQ = 22,  Nreads = 291 
  M lowQ = 23,  Nreads = 262 
  M lowQ = 24,  Nreads = 205 
  M lowQ = 25,  Nreads = 190 
  M lowQ = 26,  Nreads = 181 
  M lowQ = 27,  Nreads = 117 
  M lowQ = 28,  Nreads = 119 
  M lowQ = 29,  Nreads = 113 
  M lowQ = 30,  Nreads = 109 
  M lowQ = 31,  Nreads = 85 
  M lowQ = 32,  Nreads = 99 
  M lowQ = 33,  Nreads = 86 
  M lowQ = 34,  Nreads = 89 
  M lowQ = 35,  Nreads = 60 
  M lowQ = 36,  Nreads = 57 
  M lowQ = 37,  Nreads = 53 
  M lowQ = 38,  Nreads = 50 
  M lowQ = 39,  Nreads = 39 
  M lowQ = 40,  Nreads = 35 
  M lowQ = 41,  Nreads = 40 
  M lowQ = 42,  Nreads = 43 
  M lowQ = 43,  Nreads = 43 
  M lowQ = 44,  Nreads = 41 
  M lowQ = 45,  Nreads = 51 
  M lowQ = 46,  Nreads = 49 
  M lowQ = 47,  Nreads = 27 
  M lowQ = 48,  Nreads = 18 
  M lowQ = 49,  Nreads = 14 
  M lowQ = 50,  Nreads = 1 
  M lowQ = 51,  Nreads = 1213 

- Histogram with M low quality nucleotides in tile 1: 

MlowQ =  1| ********************************************************************************
MlowQ =  2| ****************************************
MlowQ =  3| **************************
MlowQ =  4| ********************
MlowQ =  5| ****************
MlowQ =  6| *************
MlowQ =  7| ***********
MlowQ =  8| *********
MlowQ =  9| ********
MlowQ = 10| ******
MlowQ = 11| *****
MlowQ = 12| *****
MlowQ = 13| ****
MlowQ = 14| ***
MlowQ = 15| ***
MlowQ = 16| **
MlowQ = 17| **
MlowQ = 18| **
MlowQ = 19| *
MlowQ = 20| *
MlowQ = 21| *
MlowQ = 22| 
MlowQ = 23| 
MlowQ = 24| 
MlowQ = 25| 
MlowQ = 26| 
MlowQ = 27| 
MlowQ = 28| 
MlowQ = 29| 
MlowQ = 30| 
MlowQ = 31| 
MlowQ = 32| 
MlowQ = 33| 
MlowQ = 34| 
MlowQ = 35| 
MlowQ = 36| 
MlowQ = 37| 
MlowQ = 38| 
MlowQ = 39| 
MlowQ = 40| 
MlowQ = 41| 
MlowQ = 42| 
MlowQ = 43| 
MlowQ = 44| 
MlowQ = 45| 
MlowQ = 46| 
MlowQ = 47| 
MlowQ = 48| 
MlowQ = 49| 
MlowQ = 50| 
MlowQ = 51| ****
